

*******************************************************************************
Fri Feb 19 13:56:25 2021


FIT:    data read from "afvc_tau.dat" u 1:(log($2))
        format = x:z
        #datapoints = 4
        residuals are weighted equally (unit weight)

function used for fitting: f(x)
	f(x) = a - b*log(x-c)
fitted parameters initialized with current variable values

iter      chisq       delta/lim  lambda   a             b             c            
   0 2.9590364770e+01   0.00e+00  6.03e-01    1.000000e+00   1.000000e+00   1.000000e-01
 232 5.9937266599e-04  -7.41e-01  6.03e-08   -3.012734e+00   1.537275e+00   8.497928e-01

After 232 iterations the fit converged.
final sum of squares of residuals : 0.000599373
rel. change during last iteration : -7.41164e-06

degrees of freedom    (FIT_NDF)                        : 1
rms of residuals      (FIT_STDFIT) = sqrt(WSSR/ndf)    : 0.0244821
variance of residuals (reduced chisquare) = WSSR/ndf   : 0.000599373

Final set of parameters            Asymptotic Standard Error
=======================            ==========================
a               = -3.01273         +/- 0.4513       (14.98%)
b               = 1.53728          +/- 0.1247       (8.112%)
c               = 0.849793         +/- 0.0006679    (0.0786%)

correlation matrix of the fit parameters:
                a      b      c      
a               1.000 
b              -0.999  1.000 
c               0.971 -0.981  1.000 
